0 info it worked if it ends with ok
1 verbose cli [ '/usr/local/Cellar/node/6.3.0/bin/node',
1 verbose cli   '/usr/local/bin/npm',
1 verbose cli   'start' ]
2 info using npm@3.10.3
3 info using node@v6.3.0
4 verbose run-script [ 'prestart', 'start', 'poststart' ]
5 info lifecycle oneness-board@1.0.0~prestart: oneness-board@1.0.0
6 silly lifecycle oneness-board@1.0.0~prestart: no script for prestart, continuing
7 info lifecycle oneness-board@1.0.0~start: oneness-board@1.0.0
8 verbose lifecycle oneness-board@1.0.0~start: unsafe-perm in lifecycle true
9 verbose lifecycle oneness-board@1.0.0~start: PATH: /usr/local/lib/node_modules/npm/bin/node-gyp-bin:/Users/balmychan/Repos/angular2-template/node_modules/.bin:/usr/local/Cellar/node/6.3.0/bin:/Users/balmychan/.rvm/gems/ruby-2.2.4/bin:/Users/balmychan/.rvm/gems/ruby-2.2.4@global/bin:/Users/balmychan/.rvm/rubies/ruby-2.2.4/bin:/usr/local/bin:/usr/bin:/bin:/usr/sbin:/sbin:/Users/balmychan/.rvm/gems/ruby-2.2.4/bin:/Users/balmychan/.rvm/gems/ruby-2.2.4@global/bin:/Users/balmychan/.rvm/rubies/ruby-2.2.4/bin:/Users/balmychan/.rvm/bin:/Users/balmychan/.rvm/bin
10 verbose lifecycle oneness-board@1.0.0~start: CWD: /Users/balmychan/Repos/angular2-template
11 silly lifecycle oneness-board@1.0.0~start: Args: [ '-c', 'webpack --watch && lite' ]
12 silly lifecycle oneness-board@1.0.0~start: Returned: code: 1  signal: null
13 info lifecycle oneness-board@1.0.0~start: Failed to exec start script
14 verbose stack Error: oneness-board@1.0.0 start: `webpack --watch && lite`
14 verbose stack Exit status 1
14 verbose stack     at EventEmitter.<anonymous> (/usr/local/lib/node_modules/npm/lib/utils/lifecycle.js:242:16)
14 verbose stack     at emitTwo (events.js:106:13)
14 verbose stack     at EventEmitter.emit (events.js:191:7)
14 verbose stack     at ChildProcess.<anonymous> (/usr/local/lib/node_modules/npm/lib/utils/spawn.js:40:14)
14 verbose stack     at emitTwo (events.js:106:13)
14 verbose stack     at ChildProcess.emit (events.js:191:7)
14 verbose stack     at maybeClose (internal/child_process.js:852:16)
14 verbose stack     at Process.ChildProcess._handle.onexit (internal/child_process.js:215:5)
15 verbose pkgid oneness-board@1.0.0
16 verbose cwd /Users/balmychan/Repos/angular2-template
17 error Darwin 15.6.0
18 error argv "/usr/local/Cellar/node/6.3.0/bin/node" "/usr/local/bin/npm" "start"
19 error node v6.3.0
20 error npm  v3.10.3
21 error code ELIFECYCLE
22 error oneness-board@1.0.0 start: `webpack --watch && lite`
22 error Exit status 1
23 error Failed at the oneness-board@1.0.0 start script 'webpack --watch && lite'.
23 error Make sure you have the latest version of node.js and npm installed.
23 error If you do, this is most likely a problem with the oneness-board package,
23 error not with npm itself.
23 error Tell the author that this fails on your system:
23 error     webpack --watch && lite
23 error You can get information on how to open an issue for this project with:
23 error     npm bugs oneness-board
23 error Or if that isn't available, you can get their info via:
23 error     npm owner ls oneness-board
23 error There is likely additional logging output above.
24 verbose exit [ 1, true ]
